Using pre-set license

 COMMAND LINE ARGUMENTS:
/Applications/2020.3.15f2/Unity.app/Contents/MacOS/Unity
-adb2
-batchMode
-noUpm
-name
AssetImportWorker1
-projectPath
/Users/sammychuang/Documents/Documents - Sammy’s MacBook Pro/GitHub/Some-Bunny-Loves-you/Some Bunny Loves You
-logFile
Logs/AssetImportWorker1.log
-srvPort
62951
Successfully changed project path to: /Users/sammychuang/Documents/Documents - Sammy’s MacBook Pro/GitHub/Some-Bunny-Loves-you/Some Bunny Loves You
/Users/sammychuang/Documents/Documents - Sammy’s MacBook Pro/GitHub/Some-Bunny-Loves-you/Some Bunny Loves You
Using Asset Import Pipeline V2.
Refreshing native plugins compatible for Editor in 61.01 ms, found 3 plugins.
Preloading 0 native plugins for Editor in 0.00 ms.
Initialize engine version: 2020.3.15f2 (6cf78cb77498)
[Subsystems] Discovering subsystems at path /Applications/2020.3.15f2/Unity.app/Contents/Resources/UnitySubsystems
[Subsystems] Discovering subsystems at path /Users/sammychuang/Documents/Documents - Sammy’s MacBook Pro/GitHub/Some-Bunny-Loves-you/Some Bunny Loves You/Assets
GfxDevice: creating device client; threaded=0
2022-01-06 13:03:02.227 Unity[41735:1840984] (null) preferred device: Apple M1 Pro (high power)
2022-01-06 13:03:02.227 Unity[41735:1840984] Metal devices available: 1
2022-01-06 13:03:02.227 Unity[41735:1840984] 0: Apple M1 Pro (high power)
2022-01-06 13:03:02.228 Unity[41735:1840984] Using device Apple M1 Pro (high power)
Initializing Metal device caps: Apple M1 Pro
Shader 'Universal Render Pipeline/Particles/Lit': fallback shader 'Universal Render Pipeline/Particles/SimpleLit' not found
Initialize mono
Mono path[0] = '/Applications/2020.3.15f2/Unity.app/Contents/Managed'
Mono path[1] = '/Applications/2020.3.15f2/Unity.app/Contents/MonoBleedingEdge/lib/mono/unityjit'
Mono config path = '/Applications/2020.3.15f2/Unity.app/Contents/MonoBleedingEdge/etc'
Using monoOptions --debugger-agent=transport=dt_socket,embedding=1,server=y,suspend=n,address=127.0.0.1:56735
Begin MonoManager ReloadAssembly
Registering precompiled unity dll's ...
Register platform support module: /Applications/2020.3.15f2/PlaybackEngines/WebGLSupport/UnityEditor.WebGL.Extensions.dll
Register platform support module: /Applications/2020.3.15f2/Unity.app/Contents/PlaybackEngines/MacStandaloneSupport/UnityEditor.OSXStandalone.Extensions.dll
Register platform support module: /Applications/2020.3.15f2/PlaybackEngines/LinuxStandaloneSupport/UnityEditor.LinuxStandalone.Extensions.dll
Registered in 0.000672 seconds.
Native extension for LinuxStandalone target not found
Native extension for OSXStandalone target not found
Native extension for WebGL target not found
Refreshing native plugins compatible for Editor in 67.24 ms, found 3 plugins.
Preloading 0 native plugins for Editor in 0.00 ms.
Mono: successfully reloaded assembly
- Completed reload, in  3.741 seconds
Domain Reload Profiling:
	ReloadAssembly (3741ms)
		BeginReloadAssembly (78ms)
			ExecutionOrderSort (0ms)
			DisableScriptedObjects (0ms)
			BackupInstance (0ms)
			ReleaseScriptingObjects (0ms)
			CreateAndSetChildDomain (3ms)
		EndReloadAssembly (990ms)
			LoadAssemblies (75ms)
			RebuildTransferFunctionScriptingTraits (0ms)
			SetupTypeCache (177ms)
			ReleaseScriptCaches (0ms)
			RebuildScriptCaches (45ms)
			SetupLoadedEditorAssemblies (579ms)
				LogAssemblyErrors (0ms)
				InitializePlatformSupportModulesInManaged (17ms)
				SetLoadedEditorAssemblies (1ms)
				RefreshPlugins (67ms)
				BeforeProcessingInitializeOnLoad (29ms)
				ProcessInitializeOnLoadAttributes (360ms)
				ProcessInitializeOnLoadMethodAttributes (102ms)
				AfterProcessingInitializeOnLoad (0ms)
				EditorAssembliesLoaded (1ms)
			ExecutionOrderSort2 (0ms)
			AwakeInstancesAfterBackupRestoration (0ms)
Platform modules already initialized, skipping
Registering precompiled user dll's ...
Registered in 0.005019 seconds.
Begin MonoManager ReloadAssembly
Native extension for LinuxStandalone target not found
Native extension for OSXStandalone target not found
Native extension for WebGL target not found
Refreshing native plugins compatible for Editor in 63.63 ms, found 3 plugins.
Preloading 0 native plugins for Editor in 0.00 ms.
Mono: successfully reloaded assembly
- Completed reload, in  2.995 seconds
Domain Reload Profiling:
	ReloadAssembly (3000ms)
		BeginReloadAssembly (264ms)
			ExecutionOrderSort (0ms)
			DisableScriptedObjects (30ms)
			BackupInstance (0ms)
			ReleaseScriptingObjects (0ms)
			CreateAndSetChildDomain (39ms)
		EndReloadAssembly (2631ms)
			LoadAssemblies (210ms)
			RebuildTransferFunctionScriptingTraits (0ms)
			SetupTypeCache (388ms)
			ReleaseScriptCaches (1ms)
			RebuildScriptCaches (73ms)
			SetupLoadedEditorAssemblies (1613ms)
				LogAssemblyErrors (0ms)
				InitializePlatformSupportModulesInManaged (19ms)
				SetLoadedEditorAssemblies (1ms)
				RefreshPlugins (64ms)
				BeforeProcessingInitializeOnLoad (284ms)
				ProcessInitializeOnLoadAttributes (1197ms)
				ProcessInitializeOnLoadMethodAttributes (46ms)
				AfterProcessingInitializeOnLoad (1ms)
				EditorAssembliesLoaded (1ms)
			ExecutionOrderSort2 (0ms)
			AwakeInstancesAfterBackupRestoration (35ms)
Platform modules already initialized, skipping
========================================================================
Worker process is ready to serve import requests
Shader 'Universal Render Pipeline/Particles/Lit': fallback shader 'Universal Render Pipeline/Particles/SimpleLit' not found
Launching external process: /Applications/2020.3.15f2/Unity.app/Contents/Tools/UnityShaderCompiler
Launched and connected shader compiler UnityShaderCompiler after 0.12 seconds
Refreshing native plugins compatible for Editor in 0.68 ms, found 3 plugins.
Preloading 0 native plugins for Editor in 0.00 ms.
Unloading 3413 Unused Serialized files (Serialized files now loaded: 0)
System memory in use before: 253.0 MB.
System memory in use after: 253.2 MB.

Unloading 29 unused Assets to reduce memory usage. Loaded Objects now: 3853.
Total: 2.263084 ms (FindLiveObjects: 0.309416 ms CreateObjectMapping: 0.096834 ms MarkObjects: 1.770375 ms  DeleteObjects: 0.085458 ms)

AssetImportParameters requested are different than current active one (requested -> active):
  custom:video-decoder-ogg-theora: a1e56fd34408186e4bbccfd4996cb3dc -> 
  custom:container-muxer-webm: aa71ff27fc2769a1b78a27578f13a17b -> 
  custom:container-demuxer-webm: 4f35f7cbe854078d1ac9338744f61a02 -> 
  custom:container-demuxer-ogg: 62fdf1f143b41e24485cea50d1cbac27 -> 
  custom:video-encoder-webm-vp8: eb34c28f22e8b96e1ab97ce403110664 -> 
  custom:framework-osx-AVFoundation: e770b220cccbd017edd2c1fefb359320 -> 
  custom:video-decoder-webm-vp8: 9c59270c3fd7afecdb556c50c9e8de78 -> 
  custom:audio-decoder-ogg-vorbis: bf7c407c2cedff20999df2af8eb42d56 -> 
  custom:audio-encoder-webm-vorbis: bf7c407c2cedff20999df2af8eb42d56 -> 
========================================================================
Received Import Request.
  path: Assets/Fonts/PuffinArcade-Chrome SDF.asset
  artifactKey: Guid(d6474a9eeb2bbf042bc029f6cf04f4c1) Importer(815301076,1909f56bfc062723c751e8b465ee728b)
Start importing Assets/Fonts/PuffinArcade-Chrome SDF.asset using Guid(d6474a9eeb2bbf042bc029f6cf04f4c1) Importer(815301076,1909f56bfc062723c751e8b465ee728b)  -> (artifact id: '6935a3e174cda2ab9372f2b7b510045f') in 0.938624 seconds 
  Import took 0.943553 seconds .

========================================================================
Received Import Request.
  Time since last request: 21.116191 seconds.
  path: Assets/Prefabs/Bunny 1.prefab
  artifactKey: Guid(38834e6226a644f6d810bca706e37b2e) Importer(815301076,1909f56bfc062723c751e8b465ee728b)
Start importing Assets/Prefabs/Bunny 1.prefab using Guid(38834e6226a644f6d810bca706e37b2e) Importer(815301076,1909f56bfc062723c751e8b465ee728b)  -> (artifact id: 'd8e770f63922782b6cfaa48b2b985900') in 0.116315 seconds 
  Import took 0.121094 seconds .

========================================================================
Received Import Request.
  Time since last request: 10.658040 seconds.
  path: Assets/Prefabs/MainMenu_Bunny.prefab
  artifactKey: Guid(38834e6226a644f6d810bca706e37b2e) Importer(815301076,1909f56bfc062723c751e8b465ee728b)
Start importing Assets/Prefabs/MainMenu_Bunny.prefab using Guid(38834e6226a644f6d810bca706e37b2e) Importer(815301076,1909f56bfc062723c751e8b465ee728b)  -> (artifact id: '26a99e1c6ce53f1c61333597a9c9b18d') in 0.014581 seconds 
  Import took 0.019695 seconds .

========================================================================
Received Import Request.
  Time since last request: 0.013269 seconds.
  path: Assets/Prefabs/MainMenu_Bunny.prefab
  artifactKey: Guid(38834e6226a644f6d810bca706e37b2e) Importer(815301076,1909f56bfc062723c751e8b465ee728b)
Start importing Assets/Prefabs/MainMenu_Bunny.prefab using Guid(38834e6226a644f6d810bca706e37b2e) Importer(815301076,1909f56bfc062723c751e8b465ee728b)  -> (artifact id: '26a99e1c6ce53f1c61333597a9c9b18d') in 0.009340 seconds 
  Import took 0.014201 seconds .

========================================================================
Received Import Request.
  Time since last request: 16.389249 seconds.
  path: Assets/Prefabs/MainMenu_Bunny.prefab
  artifactKey: Guid(38834e6226a644f6d810bca706e37b2e) Importer(815301076,1909f56bfc062723c751e8b465ee728b)
Start importing Assets/Prefabs/MainMenu_Bunny.prefab using Guid(38834e6226a644f6d810bca706e37b2e) Importer(815301076,1909f56bfc062723c751e8b465ee728b)  -> (artifact id: 'bb96a99140e1971bb6dfddd0273663cf') in 0.009203 seconds 
  Import took 0.014102 seconds .

========================================================================
Received Import Request.
  Time since last request: 2.211263 seconds.
  path: Assets/Prefabs/MainMenu_Bunny.prefab
  artifactKey: Guid(38834e6226a644f6d810bca706e37b2e) Importer(815301076,1909f56bfc062723c751e8b465ee728b)
Start importing Assets/Prefabs/MainMenu_Bunny.prefab using Guid(38834e6226a644f6d810bca706e37b2e) Importer(815301076,1909f56bfc062723c751e8b465ee728b)  -> (artifact id: '5cc587af57f95390e07428286a6c629d') in 0.008837 seconds 
  Import took 0.013778 seconds .

========================================================================
Received Import Request.
  Time since last request: 1.947738 seconds.
  path: Assets/Prefabs/MainMenu_Bunny.prefab
  artifactKey: Guid(38834e6226a644f6d810bca706e37b2e) Importer(815301076,1909f56bfc062723c751e8b465ee728b)
Start importing Assets/Prefabs/MainMenu_Bunny.prefab using Guid(38834e6226a644f6d810bca706e37b2e) Importer(815301076,1909f56bfc062723c751e8b465ee728b)  -> (artifact id: '7d5de30b4f09764beba33f6fee6962f9') in 0.009382 seconds 
  Import took 0.014342 seconds .

========================================================================
Received Import Request.
  Time since last request: 1.994332 seconds.
  path: Assets/Prefabs/MainMenu_Bunny.prefab
  artifactKey: Guid(38834e6226a644f6d810bca706e37b2e) Importer(815301076,1909f56bfc062723c751e8b465ee728b)
Start importing Assets/Prefabs/MainMenu_Bunny.prefab using Guid(38834e6226a644f6d810bca706e37b2e) Importer(815301076,1909f56bfc062723c751e8b465ee728b)  -> (artifact id: 'e46a1152bc83bb0dcafaafe7ea3584d6') in 0.009002 seconds 
  Import took 0.013873 seconds .

========================================================================
Received Import Request.
  Time since last request: 5.409664 seconds.
  path: Assets/Prefabs/MainMenu_Bunny.prefab
  artifactKey: Guid(38834e6226a644f6d810bca706e37b2e) Importer(815301076,1909f56bfc062723c751e8b465ee728b)
Start importing Assets/Prefabs/MainMenu_Bunny.prefab using Guid(38834e6226a644f6d810bca706e37b2e) Importer(815301076,1909f56bfc062723c751e8b465ee728b)  -> (artifact id: '586ebe7bb40399b13b49e4e1adf03530') in 0.009100 seconds 
  Import took 0.013780 seconds .

========================================================================
Received Import Request.
  Time since last request: 3.087452 seconds.
  path: Assets/Prefabs/MainMenu_Bunny.prefab
  artifactKey: Guid(38834e6226a644f6d810bca706e37b2e) Importer(815301076,1909f56bfc062723c751e8b465ee728b)
Start importing Assets/Prefabs/MainMenu_Bunny.prefab using Guid(38834e6226a644f6d810bca706e37b2e) Importer(815301076,1909f56bfc062723c751e8b465ee728b)  -> (artifact id: 'a4402a9812f58881d94806096f07ac6e') in 0.009128 seconds 
  Import took 0.013735 seconds .

========================================================================
Received Import Request.
  Time since last request: 16.752376 seconds.
  path: Assets/Scripts/SpriteSwapper.cs
  artifactKey: Guid(1f708b7577b1840bc8a3a40964a28faa) Importer(815301076,1909f56bfc062723c751e8b465ee728b)
Start importing Assets/Scripts/SpriteSwapper.cs using Guid(1f708b7577b1840bc8a3a40964a28faa) Importer(815301076,1909f56bfc062723c751e8b465ee728b)  -> (artifact id: '68f4678c9ec55841617aaf534b448dbb') in 0.123019 seconds 
  Import took 0.127551 seconds .

========================================================================
Received Prepare
Registering precompiled user dll's ...
Registered in 0.004359 seconds.
Begin MonoManager ReloadAssembly
Native extension for LinuxStandalone target not found
Native extension for OSXStandalone target not found
Native extension for WebGL target not found
Refreshing native plugins compatible for Editor in 0.71 ms, found 3 plugins.
Preloading 0 native plugins for Editor in 0.00 ms.
Mono: successfully reloaded assembly
- Completed reload, in  2.860 seconds
Domain Reload Profiling:
	ReloadAssembly (2861ms)
		BeginReloadAssembly (234ms)
			ExecutionOrderSort (0ms)
			DisableScriptedObjects (33ms)
			BackupInstance (0ms)
			ReleaseScriptingObjects (0ms)
			CreateAndSetChildDomain (97ms)
		EndReloadAssembly (2526ms)
			LoadAssemblies (193ms)
			RebuildTransferFunctionScriptingTraits (0ms)
			SetupTypeCache (396ms)
			ReleaseScriptCaches (1ms)
			RebuildScriptCaches (63ms)
			SetupLoadedEditorAssemblies (1553ms)
				LogAssemblyErrors (0ms)
				InitializePlatformSupportModulesInManaged (25ms)
				SetLoadedEditorAssemblies (1ms)
				RefreshPlugins (1ms)
				BeforeProcessingInitializeOnLoad (319ms)
				ProcessInitializeOnLoadAttributes (1185ms)
				ProcessInitializeOnLoadMethodAttributes (21ms)
				AfterProcessingInitializeOnLoad (1ms)
				EditorAssembliesLoaded (1ms)
			ExecutionOrderSort2 (0ms)
			AwakeInstancesAfterBackupRestoration (41ms)
Platform modules already initialized, skipping
Shader 'Universal Render Pipeline/Particles/Lit': fallback shader 'Universal Render Pipeline/Particles/SimpleLit' not found
Refreshing native plugins compatible for Editor in 0.68 ms, found 3 plugins.
Preloading 0 native plugins for Editor in 0.00 ms.
Unloading 3306 Unused Serialized files (Serialized files now loaded: 0)
System memory in use before: 259.5 MB.
System memory in use after: 259.7 MB.

Unloading 17 unused Assets to reduce memory usage. Loaded Objects now: 3901.
Total: 2.003625 ms (FindLiveObjects: 0.222583 ms CreateObjectMapping: 0.075583 ms MarkObjects: 1.685541 ms  DeleteObjects: 0.018916 ms)

AssetImportParameters requested are different than current active one (requested -> active):
  custom:video-decoder-ogg-theora: a1e56fd34408186e4bbccfd4996cb3dc -> 
  custom:container-muxer-webm: aa71ff27fc2769a1b78a27578f13a17b -> 
  custom:container-demuxer-webm: 4f35f7cbe854078d1ac9338744f61a02 -> 
  custom:container-demuxer-ogg: 62fdf1f143b41e24485cea50d1cbac27 -> 
  custom:video-encoder-webm-vp8: eb34c28f22e8b96e1ab97ce403110664 -> 
  custom:framework-osx-AVFoundation: e770b220cccbd017edd2c1fefb359320 -> 
  custom:video-decoder-webm-vp8: 9c59270c3fd7afecdb556c50c9e8de78 -> 
  custom:audio-decoder-ogg-vorbis: bf7c407c2cedff20999df2af8eb42d56 -> 
  custom:audio-encoder-webm-vorbis: bf7c407c2cedff20999df2af8eb42d56 -> 
========================================================================
Received Prepare
Registering precompiled user dll's ...
Registered in 0.004211 seconds.
Begin MonoManager ReloadAssembly
Native extension for LinuxStandalone target not found
Native extension for OSXStandalone target not found
Native extension for WebGL target not found
Refreshing native plugins compatible for Editor in 0.73 ms, found 3 plugins.
Preloading 0 native plugins for Editor in 0.00 ms.
Mono: successfully reloaded assembly
- Completed reload, in  2.922 seconds
Domain Reload Profiling:
	ReloadAssembly (2923ms)
		BeginReloadAssembly (228ms)
			ExecutionOrderSort (0ms)
			DisableScriptedObjects (36ms)
			BackupInstance (0ms)
			ReleaseScriptingObjects (0ms)
			CreateAndSetChildDomain (90ms)
		EndReloadAssembly (2593ms)
			LoadAssemblies (206ms)
			RebuildTransferFunctionScriptingTraits (0ms)
			SetupTypeCache (381ms)
			ReleaseScriptCaches (1ms)
			RebuildScriptCaches (62ms)
			SetupLoadedEditorAssemblies (1629ms)
				LogAssemblyErrors (0ms)
				InitializePlatformSupportModulesInManaged (24ms)
				SetLoadedEditorAssemblies (2ms)
				RefreshPlugins (1ms)
				BeforeProcessingInitializeOnLoad (323ms)
				ProcessInitializeOnLoadAttributes (1253ms)
				ProcessInitializeOnLoadMethodAttributes (24ms)
				AfterProcessingInitializeOnLoad (1ms)
				EditorAssembliesLoaded (1ms)
			ExecutionOrderSort2 (0ms)
			AwakeInstancesAfterBackupRestoration (47ms)
Platform modules already initialized, skipping
Shader 'Universal Render Pipeline/Particles/Lit': fallback shader 'Universal Render Pipeline/Particles/SimpleLit' not found
Refreshing native plugins compatible for Editor in 0.68 ms, found 3 plugins.
Preloading 0 native plugins for Editor in 0.00 ms.
Unloading 3306 Unused Serialized files (Serialized files now loaded: 0)
System memory in use before: 259.9 MB.
System memory in use after: 260.1 MB.

Unloading 17 unused Assets to reduce memory usage. Loaded Objects now: 3905.
Total: 2.271125 ms (FindLiveObjects: 0.239833 ms CreateObjectMapping: 0.083625 ms MarkObjects: 1.919625 ms  DeleteObjects: 0.027042 ms)

AssetImportParameters requested are different than current active one (requested -> active):
  custom:video-decoder-ogg-theora: a1e56fd34408186e4bbccfd4996cb3dc -> 
  custom:container-muxer-webm: aa71ff27fc2769a1b78a27578f13a17b -> 
  custom:container-demuxer-webm: 4f35f7cbe854078d1ac9338744f61a02 -> 
  custom:container-demuxer-ogg: 62fdf1f143b41e24485cea50d1cbac27 -> 
  custom:video-encoder-webm-vp8: eb34c28f22e8b96e1ab97ce403110664 -> 
  custom:framework-osx-AVFoundation: e770b220cccbd017edd2c1fefb359320 -> 
  custom:video-decoder-webm-vp8: 9c59270c3fd7afecdb556c50c9e8de78 -> 
  custom:audio-decoder-ogg-vorbis: bf7c407c2cedff20999df2af8eb42d56 -> 
  custom:audio-encoder-webm-vorbis: bf7c407c2cedff20999df2af8eb42d56 -> 
========================================================================
Received Prepare
Registering precompiled user dll's ...
Registered in 0.004117 seconds.
Begin MonoManager ReloadAssembly
Native extension for LinuxStandalone target not found
Native extension for OSXStandalone target not found
Native extension for WebGL target not found
Refreshing native plugins compatible for Editor in 0.72 ms, found 3 plugins.
Preloading 0 native plugins for Editor in 0.00 ms.
Mono: successfully reloaded assembly
- Completed reload, in  3.031 seconds
Domain Reload Profiling:
	ReloadAssembly (3032ms)
		BeginReloadAssembly (254ms)
			ExecutionOrderSort (0ms)
			DisableScriptedObjects (56ms)
			BackupInstance (0ms)
			ReleaseScriptingObjects (0ms)
			CreateAndSetChildDomain (88ms)
		EndReloadAssembly (2673ms)
			LoadAssemblies (217ms)
			RebuildTransferFunctionScriptingTraits (0ms)
			SetupTypeCache (386ms)
			ReleaseScriptCaches (1ms)
			RebuildScriptCaches (62ms)
			SetupLoadedEditorAssemblies (1691ms)
				LogAssemblyErrors (0ms)
				InitializePlatformSupportModulesInManaged (25ms)
				SetLoadedEditorAssemblies (2ms)
				RefreshPlugins (1ms)
				BeforeProcessingInitializeOnLoad (321ms)
				ProcessInitializeOnLoadAttributes (1318ms)
				ProcessInitializeOnLoadMethodAttributes (22ms)
				AfterProcessingInitializeOnLoad (1ms)
				EditorAssembliesLoaded (1ms)
			ExecutionOrderSort2 (0ms)
			AwakeInstancesAfterBackupRestoration (45ms)
Platform modules already initialized, skipping
Shader 'Universal Render Pipeline/Particles/Lit': fallback shader 'Universal Render Pipeline/Particles/SimpleLit' not found
Refreshing native plugins compatible for Editor in 0.74 ms, found 3 plugins.
Preloading 0 native plugins for Editor in 0.00 ms.
Unloading 3306 Unused Serialized files (Serialized files now loaded: 0)
System memory in use before: 260.3 MB.
System memory in use after: 260.5 MB.

Unloading 17 unused Assets to reduce memory usage. Loaded Objects now: 3909.
Total: 2.009250 ms (FindLiveObjects: 0.215250 ms CreateObjectMapping: 0.073167 ms MarkObjects: 1.695958 ms  DeleteObjects: 0.024125 ms)

AssetImportParameters requested are different than current active one (requested -> active):
  custom:video-decoder-ogg-theora: a1e56fd34408186e4bbccfd4996cb3dc -> 
  custom:container-muxer-webm: aa71ff27fc2769a1b78a27578f13a17b -> 
  custom:container-demuxer-webm: 4f35f7cbe854078d1ac9338744f61a02 -> 
  custom:container-demuxer-ogg: 62fdf1f143b41e24485cea50d1cbac27 -> 
  custom:video-encoder-webm-vp8: eb34c28f22e8b96e1ab97ce403110664 -> 
  custom:framework-osx-AVFoundation: e770b220cccbd017edd2c1fefb359320 -> 
  custom:video-decoder-webm-vp8: 9c59270c3fd7afecdb556c50c9e8de78 -> 
  custom:audio-decoder-ogg-vorbis: bf7c407c2cedff20999df2af8eb42d56 -> 
  custom:audio-encoder-webm-vorbis: bf7c407c2cedff20999df2af8eb42d56 -> 
